2017-04-12 15:55:44,095 - tornado.general - INFO - app.py modified; restarting server
2017-04-12 15:59:52,848 - tornado.general - INFO - app.py modified; restarting server
2017-04-12 16:00:03,128 - tornado.access - INFO - 304 GET / (::1) 25.00ms
2017-04-12 16:00:07,585 - tornado.access - INFO - 200 GET /service/ (::1) 47.00ms
2017-04-12 16:00:07,927 - tornado.access - INFO - 200 GET /static/img/finance01.jpg?v=4b0418ce7feee8c64d154d1eda16d5a6 (::1) 325.00ms
2017-04-12 16:00:10,154 - tornado.access - INFO - 200 GET /finance/ (::1) 74.00ms
2017-04-12 16:00:10,180 - tornado.access - INFO - 200 GET /static/img/rc01.jpg?v=ba666950273774e6fc4dd5f145ab86e1 (::1) 1.00ms
2017-04-12 16:00:10,188 - tornado.access - INFO - 200 GET /static/img/rc04.jpg?v=46677e811a8807ce6a8cc051852f2906 (::1) 1.00ms
2017-04-12 16:00:10,193 - tornado.access - INFO - 200 GET /static/img/rc02.jpg?v=f05c01395e8cae291aab5fb13b3bf03d (::1) 0.00ms
2017-04-12 16:00:10,197 - tornado.access - INFO - 200 GET /static/img/rc05.jpg?v=4cf72af802b11ca808cdd0f4927b5938 (::1) 1.00ms
2017-04-12 16:00:10,203 - tornado.access - INFO - 200 GET /static/img/rc03.jpg?v=f4ece33a97184e1758de0820fba0e706 (::1) 1.00ms
2017-04-12 16:00:10,207 - tornado.access - INFO - 200 GET /static/img/wd01.jpg?v=9510afaa5f7d13d8e1a7e44828195835 (::1) 1.00ms
2017-04-12 16:00:10,213 - tornado.access - INFO - 200 GET /static/img/finance05.png?v=e84ac8f9239a87b33be00b2f6e858a96 (::1) 43.00ms
2017-04-12 16:00:34,197 - tornado.general - INFO - app.py modified; restarting server
2017-04-12 16:00:39,888 - tornado.access - INFO - 304 GET /service/ (::1) 22.00ms
2017-04-12 16:00:41,049 - tornado.access - INFO - 304 GET /finance/ (::1) 14.00ms
2017-04-12 16:00:42,372 - tornado.access - INFO - 200 GET /trade/ (::1) 26.00ms
2017-04-12 16:00:42,719 - tornado.access - INFO - 200 GET /static/img/finance02.jpg?v=3e4aa7aed90cb8f14855c2898df08890 (::1) 328.00ms
2017-04-12 16:00:44,331 - tornado.access - INFO - 304 GET / (::1) 16.00ms
2017-04-12 16:00:57,154 - tornado.access - INFO - 304 GET / (::1) 2.00ms
2017-04-12 16:00:57,763 - tornado.access - INFO - 304 GET /service/ (::1) 1.00ms
2017-04-12 16:00:58,427 - tornado.access - INFO - 304 GET /finance/ (::1) 1.00ms
2017-04-12 16:01:03,915 - tornado.access - WARNING - 405 GET /finanfdsfds (::1) 25.00ms
2017-04-12 16:02:38,335 - tornado.access - INFO - 304 GET / (::1) 2.00ms
2017-04-12 16:04:07,595 - tornado.access - INFO - 304 GET / (::1) 31.00ms
2017-04-12 16:04:08,194 - tornado.access - INFO - 304 GET /service/ (::1) 16.00ms
2017-04-12 16:04:09,197 - tornado.access - INFO - 304 GET /finance/ (::1) 15.00ms
2017-04-12 16:04:10,473 - tornado.access - INFO - 304 GET /trade/ (::1) 8.00ms
2017-04-12 16:04:13,259 - tornado.access - WARNING - 405 GET /trad (::1) 7.00ms
2017-04-12 16:04:15,059 - tornado.access - INFO - 304 GET / (::1) 2.00ms
2017-04-12 16:06:04,529 - tornado.access - INFO - 304 GET / (::1) 4.00ms
2017-04-12 16:06:05,098 - tornado.access - INFO - 304 GET /service/ (::1) 1.00ms
2017-04-12 16:06:06,410 - tornado.access - INFO - 304 GET /finance/ (::1) 1.00ms
2017-04-12 16:06:07,881 - tornado.access - INFO - 304 GET /trade/ (::1) 1.00ms
2017-04-12 16:06:13,467 - tornado.access - INFO - 304 GET / (::1) 3.00ms
2017-04-12 16:06:15,759 - tornado.access - INFO - 200 GET /admin/review/ (::1) 29.00ms
2017-04-12 16:06:18,335 - tornado.access - INFO - 304 GET /admin/ (::1) 7.00ms
2017-04-12 16:06:18,828 - tornado.access - INFO - 304 GET /admin/ (::1) 3.00ms
2017-04-12 16:06:21,148 - tornado.access - WARNING - 405 GET /ad (::1) 1.00ms
2017-04-12 16:07:04,062 - tornado.access - INFO - 304 GET / (::1) 27.00ms
2017-04-12 16:07:04,558 - tornado.access - INFO - 304 GET /service/ (::1) 14.00ms
2017-04-12 16:07:06,303 - tornado.access - WARNING - 405 GET /servic (::1) 7.00ms
2017-04-12 16:31:50,713 - tornado.general - INFO - C:\Python27\lib\site-packages\tornado\options.py modified; restarting server
2017-04-12 16:35:04,637 - tornado.general - INFO - app.py modified; restarting server
